<?xml version="1.0" encoding="utf-8"?>
<testsuite errors="NUM_ERRORS" failures="NUM_ERRORS" name="psap-gpu-operator-test-suite" tests="1" time="RUNTIME" timestamp="TIMESTAMP">
  <testcase name="psap-gpu-operator-test-suite" time="RUNTIME"/>
</testsuite>
